ERROR 2024-11-29 01:07:03,860 views Inquiry successfully saved. Client ID: 1
ERROR 2024-11-29 01:07:03,910 sorting_logic Error scoring property 2: invalid literal for int() with base 10: 'Flexible'
Traceback (most recent call last):
  File "C:\Users\Divyam Shah\OneDrive\Desktop\Dynamic Labz\Clients\Clients\Square Second Consultancy\SSC\SSC\SorterSession\sorting_logic.py", line 143, in generate_property_list
    scored_properties = self.calculate_property_score(
                        ^^^^^^^^^^^^^^^^^^^^^^^^^^^^^^
  File "C:\Users\Divyam Shah\OneDrive\Desktop\Dynamic Labz\Clients\Clients\Square Second Consultancy\SSC\SSC\SorterSession\sorting_logic.py", line 185, in calculate_property_score
    score += self._score_parking(client_preferences, unit_data)
             ^^^^^^^^^^^^^^^^^^^^^^^^^^^^^^^^^^^^^^^^^^^^^^^^^^
  File "C:\Users\Divyam Shah\OneDrive\Desktop\Dynamic Labz\Clients\Clients\Square Second Consultancy\SSC\SSC\SorterSession\sorting_logic.py", line 257, in _score_parking
    client_parking = int(client_preferences.get('min_parking_slots', 0))
                     ^^^^^^^^^^^^^^^^^^^^^^^^^^^^^^^^^^^^^^^^^^^^^^^^^^^
ValueError: invalid literal for int() with base 10: 'Flexible'
ERROR 2024-11-29 01:07:03,925 sorting_logic Error scoring property 3: invalid literal for int() with base 10: 'Flexible'
Traceback (most recent call last):
  File "C:\Users\Divyam Shah\OneDrive\Desktop\Dynamic Labz\Clients\Clients\Square Second Consultancy\SSC\SSC\SorterSession\sorting_logic.py", line 143, in generate_property_list
    scored_properties = self.calculate_property_score(
                        ^^^^^^^^^^^^^^^^^^^^^^^^^^^^^^
  File "C:\Users\Divyam Shah\OneDrive\Desktop\Dynamic Labz\Clients\Clients\Square Second Consultancy\SSC\SSC\SorterSession\sorting_logic.py", line 185, in calculate_property_score
    score += self._score_parking(client_preferences, unit_data)
             ^^^^^^^^^^^^^^^^^^^^^^^^^^^^^^^^^^^^^^^^^^^^^^^^^^
  File "C:\Users\Divyam Shah\OneDrive\Desktop\Dynamic Labz\Clients\Clients\Square Second Consultancy\SSC\SSC\SorterSession\sorting_logic.py", line 257, in _score_parking
    client_parking = int(client_preferences.get('min_parking_slots', 0))
                     ^^^^^^^^^^^^^^^^^^^^^^^^^^^^^^^^^^^^^^^^^^^^^^^^^^^
ValueError: invalid literal for int() with base 10: 'Flexible'
ERROR 2024-11-29 01:07:03,934 sorting_logic Error scoring property 4: invalid literal for int() with base 10: 'Flexible'
Traceback (most recent call last):
  File "C:\Users\Divyam Shah\OneDrive\Desktop\Dynamic Labz\Clients\Clients\Square Second Consultancy\SSC\SSC\SorterSession\sorting_logic.py", line 143, in generate_property_list
    scored_properties = self.calculate_property_score(
                        ^^^^^^^^^^^^^^^^^^^^^^^^^^^^^^
  File "C:\Users\Divyam Shah\OneDrive\Desktop\Dynamic Labz\Clients\Clients\Square Second Consultancy\SSC\SSC\SorterSession\sorting_logic.py", line 185, in calculate_property_score
    score += self._score_parking(client_preferences, unit_data)
             ^^^^^^^^^^^^^^^^^^^^^^^^^^^^^^^^^^^^^^^^^^^^^^^^^^
  File "C:\Users\Divyam Shah\OneDrive\Desktop\Dynamic Labz\Clients\Clients\Square Second Consultancy\SSC\SSC\SorterSession\sorting_logic.py", line 257, in _score_parking
    client_parking = int(client_preferences.get('min_parking_slots', 0))
                     ^^^^^^^^^^^^^^^^^^^^^^^^^^^^^^^^^^^^^^^^^^^^^^^^^^^
ValueError: invalid literal for int() with base 10: 'Flexible'
ERROR 2024-11-29 01:07:03,948 sorting_logic Error scoring property 5: invalid literal for int() with base 10: 'Flexible'
Traceback (most recent call last):
  File "C:\Users\Divyam Shah\OneDrive\Desktop\Dynamic Labz\Clients\Clients\Square Second Consultancy\SSC\SSC\SorterSession\sorting_logic.py", line 143, in generate_property_list
    scored_properties = self.calculate_property_score(
                        ^^^^^^^^^^^^^^^^^^^^^^^^^^^^^^
  File "C:\Users\Divyam Shah\OneDrive\Desktop\Dynamic Labz\Clients\Clients\Square Second Consultancy\SSC\SSC\SorterSession\sorting_logic.py", line 185, in calculate_property_score
    score += self._score_parking(client_preferences, unit_data)
             ^^^^^^^^^^^^^^^^^^^^^^^^^^^^^^^^^^^^^^^^^^^^^^^^^^
  File "C:\Users\Divyam Shah\OneDrive\Desktop\Dynamic Labz\Clients\Clients\Square Second Consultancy\SSC\SSC\SorterSession\sorting_logic.py", line 257, in _score_parking
    client_parking = int(client_preferences.get('min_parking_slots', 0))
                     ^^^^^^^^^^^^^^^^^^^^^^^^^^^^^^^^^^^^^^^^^^^^^^^^^^^
ValueError: invalid literal for int() with base 10: 'Flexible'
ERROR 2024-11-29 01:07:03,958 sorting_logic Error scoring property 6: invalid literal for int() with base 10: 'Flexible'
Traceback (most recent call last):
  File "C:\Users\Divyam Shah\OneDrive\Desktop\Dynamic Labz\Clients\Clients\Square Second Consultancy\SSC\SSC\SorterSession\sorting_logic.py", line 143, in generate_property_list
    scored_properties = self.calculate_property_score(
                        ^^^^^^^^^^^^^^^^^^^^^^^^^^^^^^
  File "C:\Users\Divyam Shah\OneDrive\Desktop\Dynamic Labz\Clients\Clients\Square Second Consultancy\SSC\SSC\SorterSession\sorting_logic.py", line 185, in calculate_property_score
    score += self._score_parking(client_preferences, unit_data)
             ^^^^^^^^^^^^^^^^^^^^^^^^^^^^^^^^^^^^^^^^^^^^^^^^^^
  File "C:\Users\Divyam Shah\OneDrive\Desktop\Dynamic Labz\Clients\Clients\Square Second Consultancy\SSC\SSC\SorterSession\sorting_logic.py", line 257, in _score_parking
    client_parking = int(client_preferences.get('min_parking_slots', 0))
                     ^^^^^^^^^^^^^^^^^^^^^^^^^^^^^^^^^^^^^^^^^^^^^^^^^^^
ValueError: invalid literal for int() with base 10: 'Flexible'
ERROR 2024-11-29 01:07:03,967 sorting_logic Error scoring property 11: invalid literal for int() with base 10: 'Flexible'
Traceback (most recent call last):
  File "C:\Users\Divyam Shah\OneDrive\Desktop\Dynamic Labz\Clients\Clients\Square Second Consultancy\SSC\SSC\SorterSession\sorting_logic.py", line 143, in generate_property_list
    scored_properties = self.calculate_property_score(
                        ^^^^^^^^^^^^^^^^^^^^^^^^^^^^^^
  File "C:\Users\Divyam Shah\OneDrive\Desktop\Dynamic Labz\Clients\Clients\Square Second Consultancy\SSC\SSC\SorterSession\sorting_logic.py", line 185, in calculate_property_score
    score += self._score_parking(client_preferences, unit_data)
             ^^^^^^^^^^^^^^^^^^^^^^^^^^^^^^^^^^^^^^^^^^^^^^^^^^
  File "C:\Users\Divyam Shah\OneDrive\Desktop\Dynamic Labz\Clients\Clients\Square Second Consultancy\SSC\SSC\SorterSession\sorting_logic.py", line 257, in _score_parking
    client_parking = int(client_preferences.get('min_parking_slots', 0))
                     ^^^^^^^^^^^^^^^^^^^^^^^^^^^^^^^^^^^^^^^^^^^^^^^^^^^
ValueError: invalid literal for int() with base 10: 'Flexible'
ERROR 2024-11-29 01:07:03,977 sorting_logic Error scoring property 12: invalid literal for int() with base 10: 'Flexible'
Traceback (most recent call last):
  File "C:\Users\Divyam Shah\OneDrive\Desktop\Dynamic Labz\Clients\Clients\Square Second Consultancy\SSC\SSC\SorterSession\sorting_logic.py", line 143, in generate_property_list
    scored_properties = self.calculate_property_score(
                        ^^^^^^^^^^^^^^^^^^^^^^^^^^^^^^
  File "C:\Users\Divyam Shah\OneDrive\Desktop\Dynamic Labz\Clients\Clients\Square Second Consultancy\SSC\SSC\SorterSession\sorting_logic.py", line 185, in calculate_property_score
    score += self._score_parking(client_preferences, unit_data)
             ^^^^^^^^^^^^^^^^^^^^^^^^^^^^^^^^^^^^^^^^^^^^^^^^^^
  File "C:\Users\Divyam Shah\OneDrive\Desktop\Dynamic Labz\Clients\Clients\Square Second Consultancy\SSC\SSC\SorterSession\sorting_logic.py", line 257, in _score_parking
    client_parking = int(client_preferences.get('min_parking_slots', 0))
                     ^^^^^^^^^^^^^^^^^^^^^^^^^^^^^^^^^^^^^^^^^^^^^^^^^^^
ValueError: invalid literal for int() with base 10: 'Flexible'
ERROR 2024-11-29 01:07:03,987 sorting_logic Error scoring property 13: invalid literal for int() with base 10: 'Flexible'
Traceback (most recent call last):
  File "C:\Users\Divyam Shah\OneDrive\Desktop\Dynamic Labz\Clients\Clients\Square Second Consultancy\SSC\SSC\SorterSession\sorting_logic.py", line 143, in generate_property_list
    scored_properties = self.calculate_property_score(
                        ^^^^^^^^^^^^^^^^^^^^^^^^^^^^^^
  File "C:\Users\Divyam Shah\OneDrive\Desktop\Dynamic Labz\Clients\Clients\Square Second Consultancy\SSC\SSC\SorterSession\sorting_logic.py", line 185, in calculate_property_score
    score += self._score_parking(client_preferences, unit_data)
             ^^^^^^^^^^^^^^^^^^^^^^^^^^^^^^^^^^^^^^^^^^^^^^^^^^
  File "C:\Users\Divyam Shah\OneDrive\Desktop\Dynamic Labz\Clients\Clients\Square Second Consultancy\SSC\SSC\SorterSession\sorting_logic.py", line 257, in _score_parking
    client_parking = int(client_preferences.get('min_parking_slots', 0))
                     ^^^^^^^^^^^^^^^^^^^^^^^^^^^^^^^^^^^^^^^^^^^^^^^^^^^
ValueError: invalid literal for int() with base 10: 'Flexible'
ERROR 2024-11-29 01:07:03,997 sorting_logic Error scoring property 17: invalid literal for int() with base 10: 'Flexible'
Traceback (most recent call last):
  File "C:\Users\Divyam Shah\OneDrive\Desktop\Dynamic Labz\Clients\Clients\Square Second Consultancy\SSC\SSC\SorterSession\sorting_logic.py", line 143, in generate_property_list
    scored_properties = self.calculate_property_score(
                        ^^^^^^^^^^^^^^^^^^^^^^^^^^^^^^
  File "C:\Users\Divyam Shah\OneDrive\Desktop\Dynamic Labz\Clients\Clients\Square Second Consultancy\SSC\SSC\SorterSession\sorting_logic.py", line 185, in calculate_property_score
    score += self._score_parking(client_preferences, unit_data)
             ^^^^^^^^^^^^^^^^^^^^^^^^^^^^^^^^^^^^^^^^^^^^^^^^^^
  File "C:\Users\Divyam Shah\OneDrive\Desktop\Dynamic Labz\Clients\Clients\Square Second Consultancy\SSC\SSC\SorterSession\sorting_logic.py", line 257, in _score_parking
    client_parking = int(client_preferences.get('min_parking_slots', 0))
                     ^^^^^^^^^^^^^^^^^^^^^^^^^^^^^^^^^^^^^^^^^^^^^^^^^^^
ValueError: invalid literal for int() with base 10: 'Flexible'
ERROR 2024-11-29 01:07:04,056 sorting_logic Error scoring property 19: invalid literal for int() with base 10: 'Flexible'
Traceback (most recent call last):
  File "C:\Users\Divyam Shah\OneDrive\Desktop\Dynamic Labz\Clients\Clients\Square Second Consultancy\SSC\SSC\SorterSession\sorting_logic.py", line 143, in generate_property_list
    scored_properties = self.calculate_property_score(
                        ^^^^^^^^^^^^^^^^^^^^^^^^^^^^^^
  File "C:\Users\Divyam Shah\OneDrive\Desktop\Dynamic Labz\Clients\Clients\Square Second Consultancy\SSC\SSC\SorterSession\sorting_logic.py", line 185, in calculate_property_score
    score += self._score_parking(client_preferences, unit_data)
             ^^^^^^^^^^^^^^^^^^^^^^^^^^^^^^^^^^^^^^^^^^^^^^^^^^
  File "C:\Users\Divyam Shah\OneDrive\Desktop\Dynamic Labz\Clients\Clients\Square Second Consultancy\SSC\SSC\SorterSession\sorting_logic.py", line 257, in _score_parking
    client_parking = int(client_preferences.get('min_parking_slots', 0))
                     ^^^^^^^^^^^^^^^^^^^^^^^^^^^^^^^^^^^^^^^^^^^^^^^^^^^
ValueError: invalid literal for int() with base 10: 'Flexible'
ERROR 2024-11-29 01:07:04,065 sorting_logic Error scoring property 20: invalid literal for int() with base 10: 'Flexible'
Traceback (most recent call last):
  File "C:\Users\Divyam Shah\OneDrive\Desktop\Dynamic Labz\Clients\Clients\Square Second Consultancy\SSC\SSC\SorterSession\sorting_logic.py", line 143, in generate_property_list
    scored_properties = self.calculate_property_score(
                        ^^^^^^^^^^^^^^^^^^^^^^^^^^^^^^
  File "C:\Users\Divyam Shah\OneDrive\Desktop\Dynamic Labz\Clients\Clients\Square Second Consultancy\SSC\SSC\SorterSession\sorting_logic.py", line 185, in calculate_property_score
    score += self._score_parking(client_preferences, unit_data)
             ^^^^^^^^^^^^^^^^^^^^^^^^^^^^^^^^^^^^^^^^^^^^^^^^^^
  File "C:\Users\Divyam Shah\OneDrive\Desktop\Dynamic Labz\Clients\Clients\Square Second Consultancy\SSC\SSC\SorterSession\sorting_logic.py", line 257, in _score_parking
    client_parking = int(client_preferences.get('min_parking_slots', 0))
                     ^^^^^^^^^^^^^^^^^^^^^^^^^^^^^^^^^^^^^^^^^^^^^^^^^^^
ValueError: invalid literal for int() with base 10: 'Flexible'
ERROR 2024-11-29 01:07:04,075 sorting_logic Error scoring property 9: invalid literal for int() with base 10: 'Flexible'
Traceback (most recent call last):
  File "C:\Users\Divyam Shah\OneDrive\Desktop\Dynamic Labz\Clients\Clients\Square Second Consultancy\SSC\SSC\SorterSession\sorting_logic.py", line 143, in generate_property_list
    scored_properties = self.calculate_property_score(
                        ^^^^^^^^^^^^^^^^^^^^^^^^^^^^^^
  File "C:\Users\Divyam Shah\OneDrive\Desktop\Dynamic Labz\Clients\Clients\Square Second Consultancy\SSC\SSC\SorterSession\sorting_logic.py", line 185, in calculate_property_score
    score += self._score_parking(client_preferences, unit_data)
             ^^^^^^^^^^^^^^^^^^^^^^^^^^^^^^^^^^^^^^^^^^^^^^^^^^
  File "C:\Users\Divyam Shah\OneDrive\Desktop\Dynamic Labz\Clients\Clients\Square Second Consultancy\SSC\SSC\SorterSession\sorting_logic.py", line 257, in _score_parking
    client_parking = int(client_preferences.get('min_parking_slots', 0))
                     ^^^^^^^^^^^^^^^^^^^^^^^^^^^^^^^^^^^^^^^^^^^^^^^^^^^
ValueError: invalid literal for int() with base 10: 'Flexible'
ERROR 2024-11-29 01:07:04,089 sorting_logic Error scoring property 10: invalid literal for int() with base 10: 'Flexible'
Traceback (most recent call last):
  File "C:\Users\Divyam Shah\OneDrive\Desktop\Dynamic Labz\Clients\Clients\Square Second Consultancy\SSC\SSC\SorterSession\sorting_logic.py", line 143, in generate_property_list
    scored_properties = self.calculate_property_score(
                        ^^^^^^^^^^^^^^^^^^^^^^^^^^^^^^
  File "C:\Users\Divyam Shah\OneDrive\Desktop\Dynamic Labz\Clients\Clients\Square Second Consultancy\SSC\SSC\SorterSession\sorting_logic.py", line 185, in calculate_property_score
    score += self._score_parking(client_preferences, unit_data)
             ^^^^^^^^^^^^^^^^^^^^^^^^^^^^^^^^^^^^^^^^^^^^^^^^^^
  File "C:\Users\Divyam Shah\OneDrive\Desktop\Dynamic Labz\Clients\Clients\Square Second Consultancy\SSC\SSC\SorterSession\sorting_logic.py", line 257, in _score_parking
    client_parking = int(client_preferences.get('min_parking_slots', 0))
                     ^^^^^^^^^^^^^^^^^^^^^^^^^^^^^^^^^^^^^^^^^^^^^^^^^^^
ValueError: invalid literal for int() with base 10: 'Flexible'
ERROR 2024-11-29 01:07:04,114 views list index out of range
Traceback (most recent call last):
  File "C:\Users\Divyam Shah\OneDrive\Desktop\Dynamic Labz\Clients\Clients\Square Second Consultancy\SSC\SSC\SorterSession\views.py", line 329, in list
    property = properties_data[ind-1]
               ~~~~~~~~~~~~~~~^^^^^^^
IndexError: list index out of range
ERROR 2024-11-29 01:31:39,713 views Inquiry successfully saved. Client ID: 1
ERROR 2024-11-29 01:34:25,882 views Inquiry successfully saved. Client ID: 1
ERROR 2024-11-29 01:37:12,346 views Inquiry successfully saved. Client ID: 1
ERROR 2024-11-29 01:37:56,403 views Inquiry successfully saved. Client ID: 1
ERROR 2024-11-29 01:38:23,053 views Inquiry successfully saved. Client ID: 1
ERROR 2024-11-29 01:39:11,573 views Inquiry successfully saved. Client ID: 1
ERROR 2024-11-29 01:41:12,340 views Inquiry successfully saved. Client ID: 1
ERROR 2024-11-29 01:41:35,926 views Inquiry successfully saved. Client ID: 1
DEBUG 2024-11-29 15:14:54,431 utils (0.000) 
            SELECT name, type FROM sqlite_master
            WHERE type in ('table', 'view') AND NOT name='sqlite_sequence'
            ORDER BY name; args=None; alias=default
DEBUG 2024-11-29 15:14:54,436 utils (0.000) SELECT "django_migrations"."id", "django_migrations"."app", "django_migrations"."name", "django_migrations"."applied" FROM "django_migrations"; args=(); alias=default
DEBUG 2024-11-29 15:15:06,862 utils (0.000) SELECT "django_session"."session_key", "django_session"."session_data", "django_session"."expire_date" FROM "django_session" WHERE ("django_session"."expire_date" > '2024-11-29 09:45:06.859181' AND "django_session"."session_key" = 'erlmh1eikqqgxf4jwlth8g1ir0yglr9j') LIMIT 21; args=('2024-11-29 09:45:06.859181', 'erlmh1eikqqgxf4jwlth8g1ir0yglr9j'); alias=default
DEBUG 2024-11-29 15:15:06,865 utils (0.000) SELECT "auth_user"."id", "auth_user"."password", "auth_user"."last_login", "auth_user"."is_superuser", "auth_user"."username", "auth_user"."first_name", "auth_user"."last_name", "auth_user"."email", "auth_user"."is_staff", "auth_user"."is_active", "auth_user"."date_joined" FROM "auth_user" WHERE "auth_user"."id" = 1 LIMIT 21; args=(1,); alias=default
DEBUG 2024-11-29 15:15:06,867 utils (0.000) BEGIN; args=None; alias=default
DEBUG 2024-11-29 15:15:06,869 utils (0.000) SELECT "Property_buildingdetails"."id", "Property_buildingdetails"."building_id", "Property_buildingdetails"."group_name", "Property_buildingdetails"."head_image", "Property_buildingdetails"."sec_image_1", "Property_buildingdetails"."sec_image_2", "Property_buildingdetails"."sec_image_3", "Property_buildingdetails"."sec_image_4", "Property_buildingdetails"."brochure_1", "Property_buildingdetails"."brochure_2", "Property_buildingdetails"."year_of_establishment", "Property_buildingdetails"."no_of_projects_delivered", "Property_buildingdetails"."key_projects_1", "Property_buildingdetails"."key_projects_2", "Property_buildingdetails"."key_projects_3", "Property_buildingdetails"."key_projects_4", "Property_buildingdetails"."key_projects_5", "Property_buildingdetails"."key_promoters_1", "Property_buildingdetails"."key_promoters_2", "Property_buildingdetails"."key_promoters_3", "Property_buildingdetails"."key_promoters_4", "Property_buildingdetails"."key_promoters_5", "Property_buildingdetails"."number_country_code", "Property_buildingdetails"."name", "Property_buildingdetails"."number", "Property_buildingdetails"."email", "Property_buildingdetails"."alternate_name", "Property_buildingdetails"."alternate_number_country_code", "Property_buildingdetails"."alternate_number", "Property_buildingdetails"."alternate_email", "Property_buildingdetails"."project_id", "Property_buildingdetails"."project_name", "Property_buildingdetails"."location_of_project", "Property_buildingdetails"."area_of_project", "Property_buildingdetails"."google_pin_lat", "Property_buildingdetails"."google_pin_lng", "Property_buildingdetails"."type_of_project", "Property_buildingdetails"."per_sqft_rate_saleable", "Property_buildingdetails"."type_of_apartments", "Property_buildingdetails"."special_amenity_1", "Property_buildingdetails"."special_amenity_2", "Property_buildingdetails"."special_amenity_3", "Property_buildingdetails"."special_amenity_4", "Property_buildingdetails"."possession_by", "Property_buildingdetails"."age_of_property_by_developer", "Property_buildingdetails"."age_of_property_rera", "Property_buildingdetails"."rera_approved", "Property_buildingdetails"."rera_by_when", "Property_buildingdetails"."plot_area", "Property_buildingdetails"."architect", "Property_buildingdetails"."construction_company", "Property_buildingdetails"."no_of_blocks", "Property_buildingdetails"."no_of_units", "Property_buildingdetails"."no_of_floors", "Property_buildingdetails"."no_of_basements", "Property_buildingdetails"."central_air_conditioning", "Property_buildingdetails"."spiritual_or_religious_attraction", "Property_buildingdetails"."type_of_parking", "Property_buildingdetails"."plc_garden", "Property_buildingdetails"."plc_road_facing", "Property_buildingdetails"."plc_corner", "Property_buildingdetails"."plc_others", "Property_buildingdetails"."floor_rise", "Property_buildingdetails"."development_charges", "Property_buildingdetails"."advance_maintenance", "Property_buildingdetails"."maintenance_deposit", "Property_buildingdetails"."other_specific_expenses", "Property_buildingdetails"."sale_deed_value", "Property_buildingdetails"."sale_deed_value_min", "Property_buildingdetails"."sale_deed_value_max", "Property_buildingdetails"."gst_applicable", "Property_buildingdetails"."loan_availability", "Property_buildingdetails"."remarks", "Property_buildingdetails"."active" FROM "Property_buildingdetails" WHERE "Property_buildingdetails"."id" = 1 LIMIT 21; args=(1,); alias=default
DEBUG 2024-11-29 15:15:06,909 utils (0.000) SELECT "django_content_type"."id", "django_content_type"."app_label", "django_content_type"."model" FROM "django_content_type" WHERE ("django_content_type"."app_label" = 'Property' AND "django_content_type"."model" = 'buildingdetails') LIMIT 21; args=('Property', 'buildingdetails'); alias=default
DEBUG 2024-11-29 15:15:06,910 utils (0.000) COMMIT; args=None; alias=default
DEBUG 2024-11-29 15:15:06,965 base Exception while resolving variable 'formset' in template 'admin/change_form.html'.
Traceback (most recent call last):
  File "C:\Users\Divyam Shah\AppData\Roaming\Python\Python312\site-packages\django\template\base.py", line 883, in _resolve_lookup
    current = current[bit]
              ~~~~~~~^^^^^
TypeError: 'Fieldset' object is not subscriptable

During handling of the above exception, another exception occurred:

Traceback (most recent call last):
  File "C:\Users\Divyam Shah\AppData\Roaming\Python\Python312\site-packages\django\template\base.py", line 893, in _resolve_lookup
    current = getattr(current, bit)
              ^^^^^^^^^^^^^^^^^^^^^
AttributeError: 'Fieldset' object has no attribute 'formset'

During handling of the above exception, another exception occurred:

Traceback (most recent call last):
  File "C:\Users\Divyam Shah\AppData\Roaming\Python\Python312\site-packages\django\template\base.py", line 899, in _resolve_lookup
    current = current[int(bit)]
                      ^^^^^^^^
ValueError: invalid literal for int() with base 10: 'formset'

During handling of the above exception, another exception occurred:

Traceback (most recent call last):
  File "C:\Users\Divyam Shah\AppData\Roaming\Python\Python312\site-packages\django\template\base.py", line 906, in _resolve_lookup
    raise VariableDoesNotExist(
django.template.base.VariableDoesNotExist: Failed lookup for key [formset] in <django.contrib.admin.helpers.Fieldset object at 0x000002E484A9A0F0>
DEBUG 2024-11-29 15:15:07,002 utils (0.000) SELECT "django_admin_log"."id", "django_admin_log"."action_time", "django_admin_log"."user_id", "django_admin_log"."content_type_id", "django_admin_log"."object_id", "django_admin_log"."object_repr", "django_admin_log"."action_flag", "django_admin_log"."change_message", "auth_user"."id", "auth_user"."password", "auth_user"."last_login", "auth_user"."is_superuser", "auth_user"."username", "auth_user"."first_name", "auth_user"."last_name", "auth_user"."email", "auth_user"."is_staff", "auth_user"."is_active", "auth_user"."date_joined", "django_content_type"."id", "django_content_type"."app_label", "django_content_type"."model" FROM "django_admin_log" INNER JOIN "auth_user" ON ("django_admin_log"."user_id" = "auth_user"."id") LEFT OUTER JOIN "django_content_type" ON ("django_admin_log"."content_type_id" = "django_content_type"."id") ORDER BY "django_admin_log"."action_time" DESC LIMIT 21; args=(); alias=default
DEBUG 2024-11-29 15:15:06,999 base Exception while resolving variable 'id_prefix' in template 'admin/change_form.html'.
Traceback (most recent call last):
  File "C:\Users\Divyam Shah\AppData\Roaming\Python\Python312\site-packages\django\template\base.py", line 883, in _resolve_lookup
    current = current[bit]
              ~~~~~~~^^^^^
  File "C:\Users\Divyam Shah\AppData\Roaming\Python\Python312\site-packages\django\template\context.py", line 85, in __getitem__
    raise KeyError(key)
KeyError: 'id_prefix'

During handling of the above exception, another exception occurred:

Traceback (most recent call last):
  File "C:\Users\Divyam Shah\AppData\Roaming\Python\Python312\site-packages\django\template\base.py", line 889, in _resolve_lookup
    if isinstance(current, BaseContext) and getattr(
                                            ^^^^^^^^
AttributeError: type object 'RequestContext' has no attribute 'id_prefix'

During handling of the above exception, another exception occurred:

Traceback (most recent call last):
  File "C:\Users\Divyam Shah\AppData\Roaming\Python\Python312\site-packages\django\template\base.py", line 899, in _resolve_lookup
    current = current[int(bit)]
                      ^^^^^^^^
ValueError: invalid literal for int() with base 10: 'id_prefix'

During handling of the above exception, another exception occurred:

Traceback (most recent call last):
  File "C:\Users\Divyam Shah\AppData\Roaming\Python\Python312\site-packages\django\template\base.py", line 906, in _resolve_lookup
    raise VariableDoesNotExist(
django.template.base.VariableDoesNotExist: Failed lookup for key [id_prefix] in [{'True': True, 'False': False, 'None': None}, {'csrf_token': <SimpleLazyObject: 'QVulWu29bRUrE1rjEJr7BvJkdF85vydewAf6c362e5RhnEUtdv15kYDAxcrtMBpu'>, 'request': <WSGIRequest: GET '/admin/Property/buildingdetails/1/change/'>, 'user': <SimpleLazyObject: <User: admin>>, 'perms': PermWrapper(<SimpleLazyObject: <User: admin>>), 'messages': <FallbackStorage: request=<WSGIRequest: GET '/admin/Property/buildingdetails/1/change/'>>, 'DEFAULT_MESSAGE_LEVELS': {'DEBUG': 10, 'INFO': 20, 'SUCCESS': 25, 'WARNING': 30, 'ERROR': 40}}, {}, {'site_title': 'Django site admin', 'site_header': 'Django administration', 'site_url': '/', 'has_permission': True, 'available_apps': [{'name': 'Authentication and Authorization', 'app_label': 'auth', 'app_url': '/admin/auth/', 'has_module_perms': True, 'models': [{'model': <class 'django.contrib.auth.models.Group'>, 'name': 'Groups', 'object_name': 'Group', 'perms': {'add': True, 'change': True, 'delete': True, 'view': True}, 'admin_url': '/admin/auth/group/', 'add_url': '/admin/auth/group/add/', 'view_only': False}, {'model': <class 'django.contrib.auth.models.User'>, 'name': 'Users', 'object_name': 'User', 'perms': {'add': True, 'change': True, 'delete': True, 'view': True}, 'admin_url': '/admin/auth/user/', 'add_url': '/admin/auth/user/add/', 'view_only': False}]}, {'name': 'Clientdetail', 'app_label': 'ClientDetail', 'app_url': '/admin/ClientDetail/', 'has_module_perms': True, 'models': [{'model': <class 'ClientDetail.models.PropertyInquiry'>, 'name': 'Property inquirys', 'object_name': 'PropertyInquiry', 'perms': {'add': True, 'change': True, 'delete': True, 'view': True}, 'admin_url': '/admin/ClientDetail/propertyinquiry/', 'add_url': '/admin/ClientDetail/propertyinquiry/add/', 'view_only': False}]}, {'name': 'Property', 'app_label': 'Property', 'app_url': '/admin/Property/', 'has_module_perms': True, 'models': [{'model': <class 'Property.models.Amenities'>, 'name': 'Amenitiess', 'object_name': 'Amenities', 'perms': {'add': True, 'change': True, 'delete': True, 'view': True}, 'admin_url': '/admin/Property/amenities/', 'add_url': '/admin/Property/amenities/add/', 'view_only': False}, {'model': <class 'Property.models.BuildingDetails'>, 'name': 'Building detailss', 'object_name': 'BuildingDetails', 'perms': {'add': True, 'change': True, 'delete': True, 'view': True}, 'admin_url': '/admin/Property/buildingdetails/', 'add_url': '/admin/Property/buildingdetails/add/', 'view_only': False}, {'model': <class 'Property.models.UnitDetails'>, 'name': 'Unit detailss', 'object_name': 'UnitDetails', 'perms': {'add': True, 'change': True, 'delete': True, 'view': True}, 'admin_url': '/admin/Property/unitdetails/', 'add_url': '/admin/Property/unitdetails/add/', 'view_only': False}]}, {'name': 'Sortersession', 'app_label': 'SorterSession', 'app_url': '/admin/SorterSession/', 'has_module_perms': True, 'models': [{'model': <class 'SorterSession.models.ShortlistedProperty'>, 'name': 'Shortlisted propertys', 'object_name': 'ShortlistedProperty', 'perms': {'add': True, 'change': True, 'delete': True, 'view': True}, 'admin_url': '/admin/SorterSession/shortlistedproperty/', 'add_url': '/admin/SorterSession/shortlistedproperty/add/', 'view_only': False}]}], 'is_popup': False, 'is_nav_sidebar_enabled': True, 'log_entries': <QuerySet [2024-11-29 09:43:53.930670+00:00, 2024-11-29 09:11:23.303700+00:00, 2024-11-29 09:09:23.483758+00:00, 2024-11-29 09:05:02.600163+00:00, 2024-11-29 09:00:54.477575+00:00, 2024-11-29 08:48:58.979473+00:00, 2024-11-29 08:41:47.950576+00:00, 2024-11-29 08:37:58.958656+00:00, 2024-11-29 08:33:06.864925+00:00, 2024-11-29 07:52:15.244095+00:00, 2024-11-28 15:24:25.618007+00:00, 2024-11-23 06:37:53.449961+00:00, 2024-11-23 06:37:44.700118+00:00, 2024-11-23 06:37:38.353926+00:00, 2024-11-23 06:37:28.442609+00:00, 2024-11-23 06:35:52.559634+00:00, 2024-11-23 06:35:47.927941+00:00, 2024-11-23 06:35:43.111956+00:00, 2024-11-23 06:35:38.492062+00:00, 2024-11-23 06:34:49.813878+00:00, '...(remaining elements truncated)...']>, 'title': 'Change building details', 'subtitle': 'Shafalya Aaron Dharnidhar - The Verity', 'adminform': <AdminForm: form=BuildingDetailsForm fieldsets=[(None, {'fields': ['building_id', 'group_name', 'head_image', 'sec_image_1', 'sec_image_2', 'sec_image_3', 'sec_image_4', 'brochure_1', 'brochure_2', 'year_of_establishment', 'no_of_projects_delivered', 'key_projects_1', 'key_projects_2', 'key_projects_3', 'key_projects_4', 'key_projects_5', 'key_promoters_1', 'key_promoters_2', 'key_promoters_3', 'key_promoters_4', 'key_promoters_5', 'number_country_code', 'name', 'number', 'email', 'alternate_name', 'alternate_number_country_code', 'alternate_number', 'alternate_email', 'project_id', 'project_name', 'location_of_project', 'area_of_project', 'google_pin_lat', 'google_pin_lng', 'type_of_project', 'per_sqft_rate_saleable', 'type_of_apartments', 'special_amenity_1', 'special_amenity_2', 'special_amenity_3', 'special_amenity_4', 'possession_by', 'age_of_property_by_developer', 'age_of_property_rera', 'rera_approved', 'rera_by_when', 'plot_area', 'architect', 'construction_company', 'no_of_blocks', 'no_of_units', 'no_of_floors', 'no_of_basements', 'central_air_conditioning', 'spiritual_or_religious_attraction', 'type_of_parking', 'plc_garden', 'plc_road_facing', 'plc_corner', 'plc_others', 'floor_rise', 'development_charges', 'advance_maintenance', 'maintenance_deposit', 'other_specific_expenses', 'sale_deed_value', 'sale_deed_value_min', 'sale_deed_value_max', 'gst_applicable', 'loan_availability', 'remarks', 'active']})]>, 'object_id': '1', 'original': <BuildingDetails: Shafalya Aaron Dharnidhar - The Verity>, 'to_field': None, 'media': Media(css={}, js=['admin/js/vendor/jquery/jquery.js', 'admin/js/jquery.init.js', 'admin/js/core.js', 'admin/js/admin/RelatedObjectLookups.js', 'admin/js/actions.js', 'admin/js/urlify.js', 'admin/js/prepopulate.js', 'admin/js/vendor/xregexp/xregexp.js']), 'inline_admin_formsets': [], 'errors': [], 'preserved_filters': '', 'add': False, 'change': True, 'has_view_permission': True, 'has_add_permission': True, 'has_change_permission': True, 'has_delete_permission': True, 'has_editable_inline_admin_formsets': False, 'has_file_field': True, 'has_absolute_url': False, 'absolute_url': None, 'form_url': '', 'opts': <Options for BuildingDetails>, 'content_type_id': 8, 'save_as': False, 'save_on_top': False, 'to_field_var': '_to_field', 'is_popup_var': '_popup', 'app_label': 'Property', 'LANGUAGE_CODE': 'en-us', 'LANGUAGE_BIDI': False}, {'block': <Block Node: content. Contents: [<TextNode: '<div id="content-main">\n'>, <Block Node: object-tools. Contents: [<TextNode: '\n'>, <IfNode>, <TextNode: '\n'>]>, <TextNode: '\n<form '>, <IfNode>, <IfNode>, <TextNode: 'method="post" id="'>, <Variable Node: opts.model_name>, <TextNode: '_form" novalidate>'>, <django.template.defaulttags.CsrfTokenNode object at 0x000002E484A5AAE0>, <Block Node: form_top. Contents: []>, <TextNode: '\n<div>\n'>, <IfNode>, <TextNode: '\n'>, <IfNode>, <TextNode: '\n'>, <IfNode>, <TextNode: '\n'>, <IfNode>, <TextNode: '\n\n'>, <Block Node: field_sets. Contents: [<TextNode: '\n'>, <ForNode: for fieldset in adminform, tail_len: 3>, <TextNode: '\n'>]>, <TextNode: '\n\n'>, <Block Node: after_field_sets. Contents: []>, <TextNode: '\n\n'>, <Block Node: inline_field_sets. Contents: [<TextNode: '\n'>, <ForNode: for inline_admin_formset in inline_admin_formsets, tail_len: 3>, <TextNode: '\n'>]>, <TextNode: '\n\n'>, <Block Node: after_related_objects. Contents: []>, <TextNode: '\n\n'>, <Block Node: submit_buttons_bottom. Contents: [<django.contrib.admin.templatetags.base.InclusionAdminNode object at 0x000002E484A70470>]>, <TextNode: '\n\n'>, <Block Node: admin_change_form_document_ready. Contents: [<TextNode: '\n    <script id="django-a'>, StaticNode(varname=None, path=<FilterExpression "'admin/js/change_form.js'">), <TextNode: '"\n            '>, <IfNode>, <TextNode: '\n            async>\n    <'>]>, <TextNode: '\n\n'>, <TextNode: '\n'>, <django.contrib.admin.templatetags.base.InclusionAdminNode object at 0x000002E484A70500>, <TextNode: '\n\n</div>\n</form></div>\n'>]>}, {'block': <Block Node: field_sets. Contents: [<TextNode: '\n'>, <ForNode: for fieldset in adminform, tail_len: 3>, <TextNode: '\n'>]>}, {'forloop': {'parentloop': {}, 'counter0': 0, 'counter': 1, 'revcounter': 1, 'revcounter0': 0, 'first': True, 'last': True}, 'fieldset': <django.contrib.admin.helpers.Fieldset object at 0x000002E484A9A0F0>}, {'heading_level': 2, 'id_suffix': 0}]
INFO 2024-11-29 15:15:07,118 basehttp "GET /admin/Property/buildingdetails/1/change/ HTTP/1.1" 200 60761
DEBUG 2024-11-29 15:15:14,318 utils (0.000) SELECT "django_session"."session_key", "django_session"."session_data", "django_session"."expire_date" FROM "django_session" WHERE ("django_session"."expire_date" > '2024-11-29 09:45:14.316107' AND "django_session"."session_key" = 'erlmh1eikqqgxf4jwlth8g1ir0yglr9j') LIMIT 21; args=('2024-11-29 09:45:14.316107', 'erlmh1eikqqgxf4jwlth8g1ir0yglr9j'); alias=default
DEBUG 2024-11-29 15:15:14,320 utils (0.000) SELECT "auth_user"."id", "auth_user"."password", "auth_user"."last_login", "auth_user"."is_superuser", "auth_user"."username", "auth_user"."first_name", "auth_user"."last_name", "auth_user"."email", "auth_user"."is_staff", "auth_user"."is_active", "auth_user"."date_joined" FROM "auth_user" WHERE "auth_user"."id" = 1 LIMIT 21; args=(1,); alias=default
DEBUG 2024-11-29 15:15:14,322 utils (0.000) BEGIN; args=None; alias=default
DEBUG 2024-11-29 15:15:14,324 utils (0.000) SELECT "Property_buildingdetails"."id", "Property_buildingdetails"."building_id", "Property_buildingdetails"."group_name", "Property_buildingdetails"."head_image", "Property_buildingdetails"."sec_image_1", "Property_buildingdetails"."sec_image_2", "Property_buildingdetails"."sec_image_3", "Property_buildingdetails"."sec_image_4", "Property_buildingdetails"."brochure_1", "Property_buildingdetails"."brochure_2", "Property_buildingdetails"."year_of_establishment", "Property_buildingdetails"."no_of_projects_delivered", "Property_buildingdetails"."key_projects_1", "Property_buildingdetails"."key_projects_2", "Property_buildingdetails"."key_projects_3", "Property_buildingdetails"."key_projects_4", "Property_buildingdetails"."key_projects_5", "Property_buildingdetails"."key_promoters_1", "Property_buildingdetails"."key_promoters_2", "Property_buildingdetails"."key_promoters_3", "Property_buildingdetails"."key_promoters_4", "Property_buildingdetails"."key_promoters_5", "Property_buildingdetails"."number_country_code", "Property_buildingdetails"."name", "Property_buildingdetails"."number", "Property_buildingdetails"."email", "Property_buildingdetails"."alternate_name", "Property_buildingdetails"."alternate_number_country_code", "Property_buildingdetails"."alternate_number", "Property_buildingdetails"."alternate_email", "Property_buildingdetails"."project_id", "Property_buildingdetails"."project_name", "Property_buildingdetails"."location_of_project", "Property_buildingdetails"."area_of_project", "Property_buildingdetails"."google_pin_lat", "Property_buildingdetails"."google_pin_lng", "Property_buildingdetails"."type_of_project", "Property_buildingdetails"."per_sqft_rate_saleable", "Property_buildingdetails"."type_of_apartments", "Property_buildingdetails"."special_amenity_1", "Property_buildingdetails"."special_amenity_2", "Property_buildingdetails"."special_amenity_3", "Property_buildingdetails"."special_amenity_4", "Property_buildingdetails"."possession_by", "Property_buildingdetails"."age_of_property_by_developer", "Property_buildingdetails"."age_of_property_rera", "Property_buildingdetails"."rera_approved", "Property_buildingdetails"."rera_by_when", "Property_buildingdetails"."plot_area", "Property_buildingdetails"."architect", "Property_buildingdetails"."construction_company", "Property_buildingdetails"."no_of_blocks", "Property_buildingdetails"."no_of_units", "Property_buildingdetails"."no_of_floors", "Property_buildingdetails"."no_of_basements", "Property_buildingdetails"."central_air_conditioning", "Property_buildingdetails"."spiritual_or_religious_attraction", "Property_buildingdetails"."type_of_parking", "Property_buildingdetails"."plc_garden", "Property_buildingdetails"."plc_road_facing", "Property_buildingdetails"."plc_corner", "Property_buildingdetails"."plc_others", "Property_buildingdetails"."floor_rise", "Property_buildingdetails"."development_charges", "Property_buildingdetails"."advance_maintenance", "Property_buildingdetails"."maintenance_deposit", "Property_buildingdetails"."other_specific_expenses", "Property_buildingdetails"."sale_deed_value", "Property_buildingdetails"."sale_deed_value_min", "Property_buildingdetails"."sale_deed_value_max", "Property_buildingdetails"."gst_applicable", "Property_buildingdetails"."loan_availability", "Property_buildingdetails"."remarks", "Property_buildingdetails"."active" FROM "Property_buildingdetails" WHERE "Property_buildingdetails"."id" = 1 LIMIT 21; args=(1,); alias=default
DEBUG 2024-11-29 15:15:14,457 utils (0.000) SELECT 1 AS "a" FROM "Property_buildingdetails" WHERE ("Property_buildingdetails"."building_id" = '1000' AND NOT ("Property_buildingdetails"."id" = 1)) LIMIT 1; args=(1, '1000', 1); alias=default
DEBUG 2024-11-29 15:15:14,491 utils (0.031) UPDATE "Property_buildingdetails" SET "building_id" = '1000', "group_name" = 'Shafalya Aaron Dharnidhar', "head_image" = 'property/Emailer_-_The_Waterfall_.jpg', "sec_image_1" = 'property/sec_1.jpg', "sec_image_2" = 'property/sec_2.jpg', "sec_image_3" = '', "sec_image_4" = '', "brochure_1" = 'brochure/SHANTIPURA_FACT-SHEET.pdf', "brochure_2" = '', "year_of_establishment" = '2012', "no_of_projects_delivered" = '10', "key_projects_1" = 'Iconic - Shyamal', "key_projects_2" = 'Unicus - Shyamal', "key_projects_3" = 'Vertis', "key_projects_4" = 'Renown', "key_projects_5" = NULL, "key_promoters_1" = 'Bakabhai Patel', "key_promoters_2" = 'Hareshbhai Patel', "key_promoters_3" = NULL, "key_promoters_4" = NULL, "key_promoters_5" = NULL, "number_country_code" = '+91', "name" = 'Nirav Chavda', "number" = '9574587989', "email" = 'marketing.theverity@gmail.com', "alternate_name" = NULL, "alternate_number_country_code" = '+91', "alternate_number" = NULL, "alternate_email" = NULL, "project_id" = NULL, "project_name" = 'The Verity', "location_of_project" = 'Opp. StarBazar', "area_of_project" = 'Satellite', "google_pin_lat" = '23.02641427462316', "google_pin_lng" = '72.52335846005717', "type_of_project" = 'Mix', "per_sqft_rate_saleable" = '7500', "type_of_apartments" = '4_bhk, 5_bhk', "special_amenity_1" = NULL, "special_amenity_2" = NULL, "special_amenity_3" = NULL, "special_amenity_4" = NULL, "possession_by" = '', "age_of_property_by_developer" = '12-2025', "age_of_property_rera" = '03-2026', "rera_approved" = 0, "rera_by_when" = '10-2024', "plot_area" = '8000', "architect" = 'ADS - Mohit Gajjar', "construction_company" = 'Shakti Infra', "no_of_blocks" = '2', "no_of_units" = '113', "no_of_floors" = '18', "no_of_basements" = '3', "central_air_conditioning" = 'Only ducting', "spiritual_or_religious_attraction" = 'Yes', "type_of_parking" = 'Normal', "plc_garden" = '0', "plc_road_facing" = '0', "plc_corner" = '0', "plc_others" = '0', "floor_rise" = '[{''floor'': 1, ''price'': ''''}, {''floor'': 2, ''price'': ''''}, {''floor'': 3, ''price'': ''''}, {''floor'': 4, ''price'': ''''}, {''floor'': 5, ''price'': ''''}, {''floor'': 6, ''price'': ''''}, {''floor'': 7, ''price'': ''''}, {''floor'': 8, ''price'': ''''}, {''floor'': 9, ''price'': ''''}, {''floor'': 10, ''price'': ''''}, {''floor'': 11, ''price'': ''''}, {''floor'': 12, ''price'': ''''}, {''floor'': 13, ''price'': ''''}, {''floor'': 14, ''price'': ''''}, {''floor'': 15, ''price'': ''''}, {''floor'': 16, ''price'': ''''}, {''floor'': 17, ''price'': ''''}, {''floor'': 18, ''price'': ''''}]', "development_charges" = '950', "advance_maintenance" = '50', "maintenance_deposit" = '100', "other_specific_expenses" = '0', "sale_deed_value" = '60', "sale_deed_value_min" = '0', "sale_deed_value_max" = '0', "gst_applicable" = '5', "loan_availability" = 1, "remarks" = '', "active" = 1 WHERE "Property_buildingdetails"."id" = 1; args=('1000', 'Shafalya Aaron Dharnidhar', 'property/Emailer_-_The_Waterfall_.jpg', 'property/sec_1.jpg', 'property/sec_2.jpg', '', '', 'brochure/SHANTIPURA_FACT-SHEET.pdf', '', '2012', '10', 'Iconic - Shyamal', 'Unicus - Shyamal', 'Vertis', 'Renown', 'Bakabhai Patel', 'Hareshbhai Patel', '+91', 'Nirav Chavda', '9574587989', 'marketing.theverity@gmail.com', '+91', 'The Verity', 'Opp. StarBazar', 'Satellite', '23.02641427462316', '72.52335846005717', 'Mix', '7500', '4_bhk, 5_bhk', '', '12-2025', '03-2026', False, '10-2024', '8000', 'ADS - Mohit Gajjar', 'Shakti Infra', '2', '113', '18', '3', 'Only ducting', 'Yes', 'Normal', '0', '0', '0', '0', "[{'floor': 1, 'price': ''}, {'floor': 2, 'price': ''}, {'floor': 3, 'price': ''}, {'floor': 4, 'price': ''}, {'floor': 5, 'price': ''}, {'floor': 6, 'price': ''}, {'floor': 7, 'price': ''}, {'floor': 8, 'price': ''}, {'floor': 9, 'price': ''}, {'floor': 10, 'price': ''}, {'floor': 11, 'price': ''}, {'floor': 12, 'price': ''}, {'floor': 13, 'price': ''}, {'floor': 14, 'price': ''}, {'floor': 15, 'price': ''}, {'floor': 16, 'price': ''}, {'floor': 17, 'price': ''}, {'floor': 18, 'price': ''}]", '950', '50', '100', '0', '60', '0', '0', '5', True, '', True, 1); alias=default
DEBUG 2024-11-29 15:15:14,493 utils (0.000) INSERT INTO "django_admin_log" ("action_time", "user_id", "content_type_id", "object_id", "object_repr", "action_flag", "change_message") VALUES ('2024-11-29 09:45:14.492220', 1, 8, '1', 'Shafalya Aaron Dharnidhar - The Verity', 2, '[{"changed": {"fields": ["Head image"]}}]') RETURNING "django_admin_log"."id"; args=('2024-11-29 09:45:14.492220', 1, 8, '1', 'Shafalya Aaron Dharnidhar - The Verity', 2, '[{"changed": {"fields": ["Head image"]}}]'); alias=default
DEBUG 2024-11-29 15:15:14,503 utils (0.015) COMMIT; args=None; alias=default
INFO 2024-11-29 15:15:14,505 basehttp "POST /admin/Property/buildingdetails/1/change/ HTTP/1.1" 302 0
DEBUG 2024-11-29 15:15:14,515 utils (0.000) SELECT "django_session"."session_key", "django_session"."session_data", "django_session"."expire_date" FROM "django_session" WHERE ("django_session"."expire_date" > '2024-11-29 09:45:14.510889' AND "django_session"."session_key" = 'erlmh1eikqqgxf4jwlth8g1ir0yglr9j') LIMIT 21; args=('2024-11-29 09:45:14.510889', 'erlmh1eikqqgxf4jwlth8g1ir0yglr9j'); alias=default
DEBUG 2024-11-29 15:15:14,517 utils (0.000) SELECT "auth_user"."id", "auth_user"."password", "auth_user"."last_login", "auth_user"."is_superuser", "auth_user"."username", "auth_user"."first_name", "auth_user"."last_name", "auth_user"."email", "auth_user"."is_staff", "auth_user"."is_active", "auth_user"."date_joined" FROM "auth_user" WHERE "auth_user"."id" = 1 LIMIT 21; args=(1,); alias=default
DEBUG 2024-11-29 15:15:14,519 utils (0.000) SELECT COUNT(*) AS "__count" FROM "Property_buildingdetails"; args=(); alias=default
DEBUG 2024-11-29 15:15:14,520 utils (0.000) SELECT COUNT(*) AS "__count" FROM "Property_buildingdetails"; args=(); alias=default
DEBUG 2024-11-29 15:15:14,526 utils (0.000) SELECT "Property_buildingdetails"."id", "Property_buildingdetails"."building_id", "Property_buildingdetails"."group_name", "Property_buildingdetails"."head_image", "Property_buildingdetails"."sec_image_1", "Property_buildingdetails"."sec_image_2", "Property_buildingdetails"."sec_image_3", "Property_buildingdetails"."sec_image_4", "Property_buildingdetails"."brochure_1", "Property_buildingdetails"."brochure_2", "Property_buildingdetails"."year_of_establishment", "Property_buildingdetails"."no_of_projects_delivered", "Property_buildingdetails"."key_projects_1", "Property_buildingdetails"."key_projects_2", "Property_buildingdetails"."key_projects_3", "Property_buildingdetails"."key_projects_4", "Property_buildingdetails"."key_projects_5", "Property_buildingdetails"."key_promoters_1", "Property_buildingdetails"."key_promoters_2", "Property_buildingdetails"."key_promoters_3", "Property_buildingdetails"."key_promoters_4", "Property_buildingdetails"."key_promoters_5", "Property_buildingdetails"."number_country_code", "Property_buildingdetails"."name", "Property_buildingdetails"."number", "Property_buildingdetails"."email", "Property_buildingdetails"."alternate_name", "Property_buildingdetails"."alternate_number_country_code", "Property_buildingdetails"."alternate_number", "Property_buildingdetails"."alternate_email", "Property_buildingdetails"."project_id", "Property_buildingdetails"."project_name", "Property_buildingdetails"."location_of_project", "Property_buildingdetails"."area_of_project", "Property_buildingdetails"."google_pin_lat", "Property_buildingdetails"."google_pin_lng", "Property_buildingdetails"."type_of_project", "Property_buildingdetails"."per_sqft_rate_saleable", "Property_buildingdetails"."type_of_apartments", "Property_buildingdetails"."special_amenity_1", "Property_buildingdetails"."special_amenity_2", "Property_buildingdetails"."special_amenity_3", "Property_buildingdetails"."special_amenity_4", "Property_buildingdetails"."possession_by", "Property_buildingdetails"."age_of_property_by_developer", "Property_buildingdetails"."age_of_property_rera", "Property_buildingdetails"."rera_approved", "Property_buildingdetails"."rera_by_when", "Property_buildingdetails"."plot_area", "Property_buildingdetails"."architect", "Property_buildingdetails"."construction_company", "Property_buildingdetails"."no_of_blocks", "Property_buildingdetails"."no_of_units", "Property_buildingdetails"."no_of_floors", "Property_buildingdetails"."no_of_basements", "Property_buildingdetails"."central_air_conditioning", "Property_buildingdetails"."spiritual_or_religious_attraction", "Property_buildingdetails"."type_of_parking", "Property_buildingdetails"."plc_garden", "Property_buildingdetails"."plc_road_facing", "Property_buildingdetails"."plc_corner", "Property_buildingdetails"."plc_others", "Property_buildingdetails"."floor_rise", "Property_buildingdetails"."development_charges", "Property_buildingdetails"."advance_maintenance", "Property_buildingdetails"."maintenance_deposit", "Property_buildingdetails"."other_specific_expenses", "Property_buildingdetails"."sale_deed_value", "Property_buildingdetails"."sale_deed_value_min", "Property_buildingdetails"."sale_deed_value_max", "Property_buildingdetails"."gst_applicable", "Property_buildingdetails"."loan_availability", "Property_buildingdetails"."remarks", "Property_buildingdetails"."active" FROM "Property_buildingdetails" ORDER BY "Property_buildingdetails"."id" DESC; args=(); alias=default
DEBUG 2024-11-29 15:15:14,592 utils (0.000) SELECT DISTINCT "Property_buildingdetails"."group_name" FROM "Property_buildingdetails" ORDER BY "Property_buildingdetails"."group_name" ASC; args=(); alias=default
DEBUG 2024-11-29 15:15:14,593 utils (0.000) SELECT DISTINCT "Property_buildingdetails"."area_of_project" FROM "Property_buildingdetails" ORDER BY "Property_buildingdetails"."area_of_project" ASC; args=(); alias=default
INFO 2024-11-29 15:15:14,594 basehttp "GET /admin/Property/buildingdetails/ HTTP/1.1" 200 17457
DEBUG 2024-11-29 15:15:14,631 utils (0.000) SELECT "django_session"."session_key", "django_session"."session_data", "django_session"."expire_date" FROM "django_session" WHERE ("django_session"."expire_date" > '2024-11-29 09:45:14.627070' AND "django_session"."session_key" = 'erlmh1eikqqgxf4jwlth8g1ir0yglr9j') LIMIT 21; args=('2024-11-29 09:45:14.627070', 'erlmh1eikqqgxf4jwlth8g1ir0yglr9j'); alias=default
DEBUG 2024-11-29 15:15:14,633 utils (0.000) SELECT "auth_user"."id", "auth_user"."password", "auth_user"."last_login", "auth_user"."is_superuser", "auth_user"."username", "auth_user"."first_name", "auth_user"."last_name", "auth_user"."email", "auth_user"."is_staff", "auth_user"."is_active", "auth_user"."date_joined" FROM "auth_user" WHERE "auth_user"."id" = 1 LIMIT 21; args=(1,); alias=default
INFO 2024-11-29 15:15:14,637 basehttp "GET /admin/jsi18n/ HTTP/1.1" 200 3342
ERROR 2024-12-02 17:13:57,954 views Inquiry successfully saved. Client ID: 1
